SF:lib/src/api.dart
DA:18,1
DA:25,1
DA:32,1
DA:46,1
DA:60,3
DA:66,1
DA:68,2
DA:69,1
DA:70,3
DA:72,2
DA:73,2
DA:74,2
DA:77,1
DA:81,1
DA:82,2
DA:83,2
DA:84,5
DA:85,5
DA:86,5
DA:87,5
DA:90,5
DA:91,5
DA:97,1
DA:98,1
DA:99,3
DA:102,3
DA:120,3
DA:129,1
DA:132,2
DA:133,3
DA:135,2
DA:139,1
DA:155,0
DA:156,0
DA:158,0
DA:170,1
DA:177,2
DA:181,1
DA:182,1
DA:185,2
DA:186,2
DA:188,2
DA:191,1
DA:194,2
DA:200,1
DA:203,0
DA:209,1
DA:212,2
DA:213,1
DA:219,2
DA:221,0
DA:230,2
DA:232,0
DA:234,0
DA:238,1
DA:249,1
DA:251,1
DA:254,2
DA:255,3
DA:259,4
DA:263,1
DA:264,2
DA:275,1
DA:276,3
DA:277,1
DA:278,1
DA:279,1
DA:280,1
DA:292,1
DA:296,1
DA:297,0
DA:299,0
DA:301,0
DA:302,0
DA:303,0
DA:316,1
DA:319,1
DA:320,1
DA:322,0
DA:324,0
DA:328,0
DA:329,0
DA:332,0
DA:336,0
DA:339,0
DA:340,0
DA:345,0
DA:346,0
DA:350,0
DA:351,0
DA:359,1
DA:361,2
DA:362,0
DA:363,0
DA:367,2
DA:368,1
DA:369,1
DA:370,1
DA:374,3
DA:376,2
DA:379,2
DA:380,1
DA:381,1
DA:382,1
DA:384,0
DA:386,0
DA:387,0
DA:391,1
DA:393,2
DA:401,0
DA:404,0
DA:405,0
DA:418,0
DA:424,0
DA:427,0
DA:428,0
DA:442,0
DA:449,0
DA:452,0
DA:453,0
DA:455,0
DA:458,0
DA:473,0
DA:480,0
DA:483,0
DA:484,0
DA:485,0
DA:486,0
DA:489,0
DA:492,0
DA:493,0
DA:494,0
DA:497,0
DA:503,0
DA:504,0
DA:505,0
DA:506,0
DA:511,0
DA:514,0
DA:516,0
DA:518,0
DA:519,0
DA:523,0
DA:533,1
DA:534,4
DA:537,3
DA:538,0
DA:542,1
DA:544,1
DA:547,3
DA:548,0
DA:552,0
DA:559,1
DA:566,1
DA:568,2
DA:571,0
DA:575,0
DA:578,0
DA:579,0
DA:581,0
DA:582,0
DA:583,0
DA:584,0
DA:591,0
DA:595,1
DA:597,2
DA:607,1
DA:609,2
DA:611,0
DA:613,0
DA:614,0
DA:615,0
DA:616,0
DA:618,0
DA:622,0
DA:627,0
DA:629,0
DA:634,0
DA:635,0
DA:636,0
DA:638,0
DA:642,0
DA:643,0
DA:647,0
DA:650,0
DA:653,0
DA:654,0
DA:657,0
DA:660,0
DA:664,0
DA:667,0
DA:670,0
DA:673,0
DA:675,0
DA:679,0
DA:686,0
DA:688,0
DA:689,0
DA:690,0
DA:691,0
DA:694,0
DA:695,0
DA:698,0
DA:699,0
DA:703,0
DA:709,0
DA:711,0
DA:712,0
DA:713,0
DA:714,0
DA:718,0
DA:723,0
DA:724,0
DA:727,0
DA:733,1
DA:734,2
DA:736,1
DA:742,1
DA:745,1
DA:748,2
DA:750,2
DA:752,0
DA:754,1
DA:759,2
DA:762,1
DA:764,1
DA:766,3
DA:775,1
DA:776,1
DA:781,1
DA:783,1
DA:784,2
DA:785,2
DA:788,2
DA:789,2
DA:790,2
DA:791,2
DA:792,2
DA:793,2
DA:794,2
DA:799,2
DA:802,2
DA:810,1
DA:811,2
DA:816,2
DA:817,5
DA:818,1
LF:247
LH:125
end_of_record
SF:lib/src/links.dart
DA:12,3
DA:24,1
DA:25,1
DA:29,1
DA:30,2
DA:39,0
DA:40,0
DA:47,0
DA:48,0
DA:49,0
DA:51,0
DA:54,0
DA:62,0
DA:63,0
DA:66,0
DA:69,0
DA:70,0
DA:81,0
DA:82,0
DA:86,0
DA:87,0
DA:90,0
DA:91,0
DA:95,0
DA:96,0
DA:99,0
DA:104,0
DA:107,0
DA:109,0
DA:113,0
DA:116,0
DA:129,0
DA:131,0
DA:133,0
DA:142,0
DA:143,0
DA:149,0
DA:150,0
DA:156,0
DA:159,0
DA:161,0
DA:165,0
DA:166,0
DA:169,0
DA:173,0
DA:182,1
DA:183,3
LF:47
LH:7
end_of_record
SF:lib/src/user.dart
DA:36,0
DA:49,0
DA:50,0
DA:53,0
DA:61,0
DA:63,0
DA:66,0
DA:67,0
DA:70,0
DA:71,0
DA:75,0
DA:76,0
DA:77,0
DA:78,0
DA:79,0
DA:85,0
DA:86,0
DA:90,0
DA:95,0
DA:96,0
DA:97,0
DA:99,0
DA:102,0
DA:104,0
DA:106,0
DA:109,0
DA:111,0
DA:116,0
DA:118,0
DA:124,0
DA:125,0
DA:126,0
DA:127,0
DA:134,0
DA:136,0
DA:137,0
DA:140,0
DA:149,0
DA:151,0
DA:152,0
DA:155,0
DA:158,0
DA:167,0
DA:169,0
DA:170,0
DA:173,0
DA:176,0
DA:181,0
DA:187,0
DA:198,0
DA:200,0
DA:208,0
DA:214,0
DA:225,0
DA:226,0
DA:231,0
DA:248,0
DA:250,0
DA:252,0
DA:258,0
DA:260,0
DA:262,0
DA:264,0
DA:267,0
DA:270,0
DA:271,0
DA:277,0
DA:278,0
DA:280,0
DA:281,0
DA:282,0
DA:287,0
DA:290,0
DA:291,0
DA:293,0
DA:294,0
DA:298,0
DA:299,0
DA:302,0
DA:303,0
DA:304,0
DA:305,0
DA:306,0
DA:307,0
DA:309,0
DA:310,0
DA:317,0
DA:319,0
DA:322,0
DA:323,0
DA:324,0
DA:328,0
DA:329,0
DA:331,0
DA:336,0
DA:337,0
DA:338,0
DA:339,0
DA:340,0
DA:341,0
DA:342,0
DA:345,0
DA:346,0
DA:349,0
DA:351,0
DA:352,0
DA:353,0
DA:355,0
DA:357,0
LF:109
LH:0
end_of_record
